<?xml version="1.0" encoding="UTF-8"?>
<testsuite name="org.sang.AppTest" tests="1" skipped="0" failures="0" errors="0" timestamp="2019-04-06T09:31:34" hostname="logs-MacBook-Air.local" time="0.002">
  <properties/>
  <testcase name="testApp" classname="org.sang.AppTest" time="0.002"/>
  <system-out><![CDATA[]]></system-out>
  <system-err><![CDATA[]]></system-err>
</testsuite>
